  A2_Part3_1.cpp
C:\Users\arvon\source\repos\IGME309\A2\A2_Part3\A2_Part3\Stack_Linked_List.h(80,13): warning C4101: 'e': unreferenced local variable
C:\Users\arvon\source\repos\IGME309\A2\A2_Part3\A2_Part3\Stack_Linked_List.h(67): message : while compiling class template member function 'AnyClass &StackLinkedList<AnyClass>::Top(void)'
          with
          [
              AnyClass=int
          ]
C:\Users\arvon\source\repos\IGME309\A2\A2_Part3\A2_Part3\A2_Part3_1.cpp(21): message : see reference to function template instantiation 'AnyClass &StackLinkedList<AnyClass>::Top(void)' being compiled
          with
          [
              AnyClass=int
          ]
C:\Users\arvon\source\repos\IGME309\A2\A2_Part3\A2_Part3\A2_Part3_1.cpp(11): message : see reference to class template instantiation 'StackLinkedList<int>' being compiled
C:\Users\arvon\source\repos\IGME309\A2\A2_Part3\A2_Part3\Stack.h(116,13): warning C4101: 'e': unreferenced local variable
C:\Users\arvon\source\repos\IGME309\A2\A2_Part3\A2_Part3\Stack.h(103): message : while compiling class template member function 'AnyClass &Stack<AnyClass>::Top(void)'
          with
          [
              AnyClass=char
          ]
C:\Users\arvon\source\repos\IGME309\A2\A2_Part3\A2_Part3\A2_Part3_1.cpp(35): message : see reference to function template instantiation 'AnyClass &Stack<AnyClass>::Top(void)' being compiled
          with
          [
              AnyClass=char
          ]
C:\Users\arvon\source\repos\IGME309\A2\A2_Part3\A2_Part3\A2_Part3_1.cpp(26): message : see reference to class template instantiation 'Stack<char>' being compiled
C:\Users\arvon\source\repos\IGME309\A2\A2_Part3\A2_Part3\Stack.h(53,20): warning C4018: '<': signed/unsigned mismatch
C:\Users\arvon\source\repos\IGME309\A2\A2_Part3\A2_Part3\Stack.h(49): message : while compiling class template member function 'Stack<std::string>::Stack(const Stack<std::string> &)'
C:\Users\arvon\source\repos\IGME309\A2\A2_Part3\A2_Part3\A2_Part3_1.cpp(64): message : see reference to function template instantiation 'Stack<std::string>::Stack(const Stack<std::string> &)' being compiled
C:\Users\arvon\source\repos\IGME309\A2\A2_Part3\A2_Part3\A2_Part3_1.cpp(50): message : see reference to class template instantiation 'Stack<std::string>' being compiled
C:\Users\arvon\source\repos\IGME309\A2\A2_Part3\A2_Part3\Stack_Linked_List.h(84): warning C4715: 'StackLinkedList<int>::Top': not all control paths return a value
C:\Users\arvon\source\repos\IGME309\A2\A2_Part3\A2_Part3\Stack.h(120): warning C4715: 'Stack<char>::Top': not all control paths return a value
C:\Users\arvon\source\repos\IGME309\A2\A2_Part3\A2_Part3\Stack.h(120): warning C4715: 'Stack<std::basic_string<char,std::char_traits<char>,std::allocator<char> > >::Top': not all control paths return a value
  A2_Part3.vcxproj -> C:\Users\arvon\source\repos\IGME309\A2\A2_Part3\x64\Debug\A2_Part3.exe
